<?xml version="1.0" encoding="utf-8"?><testsuites><testsuite errors="0" failures="0" hostname="LAPTOP-JKOKEEIP" name="pytest" skipped="0" tests="6" time="28.795" timestamp="2020-02-14T09:58:58.654676"><testcase classname="test.test_add_group" file="test\test_add_group.py" line="5" name="test_add_group[None:;;]" time="13.299"></testcase><testcase classname="test.test_add_group" file="test\test_add_group.py" line="5" name="test_add_group[None:nameQIaIAw;header+&gt;jd&gt;|)4D_J# 496;footer;R2&gt;mb / N8) G:]" time="2.737"></testcase><testcase classname="test.test_add_group" file="test\test_add_group.py" line="5" name="test_add_group[None:nameE^W;headerE)]KW&quot;: Ywr8;footerfi(qS K]" time="2.688"></testcase><testcase classname="test.test_add_group" file="test\test_add_group.py" line="5" name="test_add_group[None:name&gt;6rYq$;header&lt;KSh}$2}5j;footerSQ2_ Y#kcff0|7Z@[?]" time="2.608"></testcase><testcase classname="test.test_add_group" file="test\test_add_group.py" line="5" name="test_add_group[None:name:8];header1 e|!7P  ;footer-n[BK.(0(NYN]" time="2.924"></testcase><testcase classname="test.test_add_group" file="test\test_add_group.py" line="5" name="test_add_group[None:nameAU Y&amp;KZ;headera7V=;S*wj= ?h;footerYm+sq@Z09 f EuROD0K]" time="4.327"></testcase></testsuite></testsuites>